<?xml version="1.0" encoding="UTF-8"?><md:EntityDescriptor xmlns:md="urn:oasis:names:tc:SAML:2.0:metadata" entityID="http://www.okta.com/k2lvtem0VAJDMINKEYJW"><md:IDPSSODescriptor WantAuthnRequestsSigned="true" protocolSupportEnumeration="urn:oasis:names:tc:SAML:2.0:protocol"><md:KeyDescriptor use="signing"><ds:KeyInfo xmlns:ds="http://www.w3.org/2000/09/xmldsig#"><ds:X509Data><ds:X509Certificate>MIICmTCCAgKgAwIBAgIGAUPATqmEMA0GCSqGSIb3DQEBBQUAMIGPMQswCQYDVQQGEwJVUzETMBEG
  A1UECAwKQ2FsaWZvcm5pYTEWMBQGA1UEBwwNU2FuIEZyYW5jaXNjbzENMAsGA1UECgwET2t0YTEU
  MBIGA1UECwwLU1NPUHJvdmlkZXIxEDAOBgNVBAMMB1Bpdm90YWwxHDAaBgkqhkiG9w0BCQEWDWlu
  Zm9Ab2t0YS5jb20wHhcNMTQwMTIzMTgxMjM3WhcNNDQwMTIzMTgxMzM3WjCBjzELMAkGA1UEBhMC
  VVMxEzARBgNVBAgMCkNhbGlmb3JuaWExFjAUBgNVBAcMDVNhbiBGcmFuY2lzY28xDTALBgNVBAoM
  BE9rdGExFDASBgNVBAsMC1NTT1Byb3ZpZGVyMRAwDgYDVQQDDAdQaXZvdGFsMRwwGgYJKoZIhvcN
  AQkBFg1pbmZvQG9rdGEuY29tMIGfMA0GCSqGSIb3DQEBAQUAA4GNADCBiQKBgQCeil67/TLOiTZU
  WWgW2XEGgFZ94bVO90v5J1XmcHMwL8v5Z/8qjdZLpGdwI7Ph0CyXMMNklpaR/Ljb8fsls3amdT5O
  Bw92Zo8ulcpjw2wuezTwL0eC0wY/GQDAZiXL59npE6U+fH1lbJIq92hx0HJSru/0O1q3+A/+jjZL
  3tL/SwIDAQABMA0GCSqGSIb3DQEBBQUAA4GBAI5BoWZoH6Mz9vhypZPOJCEKa/K+biZQsA4Zqsuk
  vvphhSERhqk/Nv76Vkl8uvJwwHbQrR9KJx4L3PRkGCG24rix71jEuXVGZUsDNM3CUKnARx4MEab6
  GFHNkZ6DmoT/PFagngecHu+EwmuDtaG0rEkFrARwe+d8Ru0BN558abFb</ds:X509Certificate></ds:X509Data></ds:KeyInfo></md:KeyDescriptor><md:NameIDFormat>urn:oasis:names:tc:SAML:1.1:nameid-format:emailAddress</md:NameIDFormat><md:NameIDFormat>urn:oasis:names:tc:SAML:1.1:nameid-format:unspecified</md:NameIDFormat><md:SingleSignOnService Binding="urn:oasis:names:tc:SAML:2.0:bindings:HTTP-POST" Location="https://pivotal.oktapreview.com/app/pivotal_pivotalcfdevelopment_1/k2lvtem0VAJDMINKEYJW/sso/saml"/><md:SingleSignOnService Binding="urn:oasis:names:tc:SAML:2.0:bindings:HTTP-Redirect" Location="https://pivotal.oktapreview.com/app/pivotal_pivotalcfdevelopment_1/k2lvtem0VAJDMINKEYJW/sso/saml"/></md:IDPSSODescriptor></md:EntityDescriptor>